  [1m[36m (4.6ms)[0m  [1mCREATE TABLE "schema_migrations" ("version" varchar NOT NULL) [0m
  [1m[35m (0.1ms)[0m  select sqlite_version(*)
  [1m[36m (5.3ms)[0m  [1mCREATE UNIQUE INDEX "unique_schema_migrations" ON "schema_migrations" ("version")[0m
  [1m[35mActiveRecord::SchemaMigration Load (0.1ms)[0m  SELECT "schema_migrations".* FROM "schema_migrations"
Migrating to CreateMovies (20111119180638)
  [1m[36m (0.1ms)[0m  [1mbegin transaction[0m
DEPRECATION WARNING: `#timestamps` was called without specifying an option for `null`. In Rails 5, this behavior will change to `null: false`. You should manually specify `null: true` to prevent the behavior of your existing migrations from changing. (called from block in up at /home/ec2-user/environment/hw-acceptance-unit-test-cycle/rottenpotatoes/db/migrate/20111119180638_create_movies.rb:10)
  [1m[35m (0.2ms)[0m  CREATE TABLE "movies" ("id" INTEGER PRIMARY KEY AUTOINCREMENT NOT NULL, "title" varchar, "rating" varchar, "description" text, "release_date" datetime, "created_at" datetime, "updated_at" datetime) 
  [1m[36mSQL (0.1ms)[0m  [1mINSERT INTO "schema_migrations" ("version") VALUES (?)[0m  [["version", "20111119180638"]]
  [1m[35m (5.4ms)[0m  commit transaction
  [1m[36mActiveRecord::SchemaMigration Load (0.1ms)[0m  [1mSELECT "schema_migrations".* FROM "schema_migrations"[0m
  [1m[36m (5.7ms)[0m  [1mCREATE TABLE "movies" ("id" INTEGER PRIMARY KEY AUTOINCREMENT NOT NULL, "title" varchar, "rating" varchar, "description" text, "release_date" datetime, "created_at" datetime, "updated_at" datetime) [0m
  [1m[35m (4.4ms)[0m  CREATE TABLE "schema_migrations" ("version" varchar NOT NULL) 
  [1m[36m (0.1ms)[0m  [1mselect sqlite_version(*)[0m
  [1m[35m (4.4ms)[0m  CREATE UNIQUE INDEX "unique_schema_migrations" ON "schema_migrations" ("version")
  [1m[36m (0.1ms)[0m  [1mSELECT version FROM "schema_migrations"[0m
  [1m[35m (5.0ms)[0m  INSERT INTO "schema_migrations" (version) VALUES ('20111119180638')


Started GET "/assets/rails.png" for 71.135.88.55 at 2019-02-24 02:06:56 +0000


Started GET "/assets/rails.png" for 71.135.88.55 at 2019-02-24 02:08:38 +0000


Started GET "/assets/rails.png" for 71.135.88.55 at 2019-02-24 02:09:11 +0000
  [1m[36m (4.0ms)[0m  [1mDROP TABLE "movies"[0m
  [1m[35m (4.0ms)[0m  CREATE TABLE "movies" ("id" INTEGER PRIMARY KEY AUTOINCREMENT NOT NULL, "title" varchar, "rating" varchar, "description" text, "release_date" datetime, "created_at" datetime, "updated_at" datetime) 
  [1m[36m (0.1ms)[0m  [1mSELECT version FROM "schema_migrations"[0m
  [1m[35m (4.0ms)[0m  DROP TABLE "movies"
  [1m[36m (4.1ms)[0m  [1mCREATE TABLE "movies" ("id" INTEGER PRIMARY KEY AUTOINCREMENT NOT NULL, "title" varchar, "rating" varchar, "description" text, "release_date" datetime, "created_at" datetime, "updated_at" datetime) [0m
  [1m[35m (0.1ms)[0m  SELECT version FROM "schema_migrations"
  [1m[36mActiveRecord::SchemaMigration Load (0.1ms)[0m  [1mSELECT "schema_migrations".* FROM "schema_migrations"[0m
  [1m[35m (0.1ms)[0m  begin transaction
  [1m[36mSQL (0.2ms)[0m  [1mINSERT INTO "movies" ("title", "rating", "release_date", "created_at", "updated_at") VALUES (?, ?, ?, ?, ?)[0m  [["title", "Aladdin"], ["rating", "G"], ["release_date", "1992-11-25 00:00:00.000000"], ["created_at", "2019-02-24 02:11:47.024179"], ["updated_at", "2019-02-24 02:11:47.024179"]]
  [1m[35m (5.2ms)[0m  commit transaction
  [1m[36m (0.0ms)[0m  [1mbegin transaction[0m
  [1m[35mSQL (0.1ms)[0m  INSERT INTO "movies" ("title", "rating", "release_date", "created_at", "updated_at") VALUES (?, ?, ?, ?, ?)  [["title", "The Terminator"], ["rating", "R"], ["release_date", "1984-10-26 00:00:00.000000"], ["created_at", "2019-02-24 02:11:47.030961"], ["updated_at", "2019-02-24 02:11:47.030961"]]
  [1m[36m (3.8ms)[0m  [1mcommit transaction[0m
  [1m[35m (0.1ms)[0m  begin transaction
  [1m[36mSQL (0.1ms)[0m  [1mINSERT INTO "movies" ("title", "rating", "release_date", "created_at", "updated_at") VALUES (?, ?, ?, ?, ?)[0m  [["title", "When Harry Met Sally"], ["rating", "R"], ["release_date", "1989-07-21 00:00:00.000000"], ["created_at", "2019-02-24 02:11:47.036019"], ["updated_at", "2019-02-24 02:11:47.036019"]]
  [1m[35m (4.2ms)[0m  commit transaction
  [1m[36m (0.0ms)[0m  [1mbegin transaction[0m
  [1m[35mSQL (0.1ms)[0m  INSERT INTO "movies" ("title", "rating", "release_date", "created_at", "updated_at") VALUES (?, ?, ?, ?, ?)  [["title", "The Help"], ["rating", "PG-13"], ["release_date", "2011-08-10 00:00:00.000000"], ["created_at", "2019-02-24 02:11:47.041434"], ["updated_at", "2019-02-24 02:11:47.041434"]]
  [1m[36m (6.1ms)[0m  [1mcommit transaction[0m
  [1m[35m (0.0ms)[0m  begin transaction
  [1m[36mSQL (0.1ms)[0m  [1mINSERT INTO "movies" ("title", "rating", "release_date", "created_at", "updated_at") VALUES (?, ?, ?, ?, ?)[0m  [["title", "Chocolat"], ["rating", "PG-13"], ["release_date", "2001-01-05 00:00:00.000000"], ["created_at", "2019-02-24 02:11:47.048736"], ["updated_at", "2019-02-24 02:11:47.048736"]]
  [1m[35m (5.1ms)[0m  commit transaction
  [1m[36m (0.0ms)[0m  [1mbegin transaction[0m
  [1m[35mSQL (0.1ms)[0m  INSERT INTO "movies" ("title", "rating", "release_date", "created_at", "updated_at") VALUES (?, ?, ?, ?, ?)  [["title", "Amelie"], ["rating", "R"], ["release_date", "2001-04-25 00:00:00.000000"], ["created_at", "2019-02-24 02:11:47.055174"], ["updated_at", "2019-02-24 02:11:47.055174"]]
  [1m[36m (4.1ms)[0m  [1mcommit transaction[0m
  [1m[35m (0.1ms)[0m  begin transaction
  [1m[36mSQL (0.1ms)[0m  [1mINSERT INTO "movies" ("title", "rating", "release_date", "created_at", "updated_at") VALUES (?, ?, ?, ?, ?)[0m  [["title", "2001: A Space Odyssey"], ["rating", "G"], ["release_date", "1968-04-06 00:00:00.000000"], ["created_at", "2019-02-24 02:11:47.060512"], ["updated_at", "2019-02-24 02:11:47.060512"]]
  [1m[35m (3.8ms)[0m  commit transaction
  [1m[36m (0.1ms)[0m  [1mbegin transaction[0m
  [1m[35mSQL (0.1ms)[0m  INSERT INTO "movies" ("title", "rating", "release_date", "created_at", "updated_at") VALUES (?, ?, ?, ?, ?)  [["title", "The Incredibles"], ["rating", "PG"], ["release_date", "2004-11-05 00:00:00.000000"], ["created_at", "2019-02-24 02:11:47.065523"], ["updated_at", "2019-02-24 02:11:47.065523"]]
  [1m[36m (4.7ms)[0m  [1mcommit transaction[0m
  [1m[35m (0.1ms)[0m  begin transaction
  [1m[36mSQL (0.1ms)[0m  [1mINSERT INTO "movies" ("title", "rating", "release_date", "created_at", "updated_at") VALUES (?, ?, ?, ?, ?)[0m  [["title", "Raiders of the Lost Ark"], ["rating", "PG"], ["release_date", "1981-06-12 00:00:00.000000"], ["created_at", "2019-02-24 02:11:47.071552"], ["updated_at", "2019-02-24 02:11:47.071552"]]
  [1m[35m (4.3ms)[0m  commit transaction
  [1m[36m (0.0ms)[0m  [1mbegin transaction[0m
  [1m[35mSQL (0.1ms)[0m  INSERT INTO "movies" ("title", "rating", "release_date", "created_at", "updated_at") VALUES (?, ?, ?, ?, ?)  [["title", "Chicken Run"], ["rating", "G"], ["release_date", "2000-06-21 00:00:00.000000"], ["created_at", "2019-02-24 02:11:47.077113"], ["updated_at", "2019-02-24 02:11:47.077113"]]
  [1m[36m (5.0ms)[0m  [1mcommit transaction[0m


Started GET "/assets/rails.png" for 71.135.88.55 at 2019-02-24 02:11:59 +0000
  [1m[36m (4.6ms)[0m  [1mDROP TABLE "movies"[0m
  [1m[35m (5.2ms)[0m  CREATE TABLE "movies" ("id" INTEGER PRIMARY KEY AUTOINCREMENT NOT NULL, "title" varchar, "rating" varchar, "description" text, "release_date" datetime, "created_at" datetime, "updated_at" datetime) 
  [1m[36m (0.1ms)[0m  [1mSELECT version FROM "schema_migrations"[0m
  [1m[35m (4.0ms)[0m  DROP TABLE "movies"
  [1m[36m (5.2ms)[0m  [1mCREATE TABLE "movies" ("id" INTEGER PRIMARY KEY AUTOINCREMENT NOT NULL, "title" varchar, "rating" varchar, "description" text, "release_date" datetime, "created_at" datetime, "updated_at" datetime) [0m
  [1m[35m (0.1ms)[0m  SELECT version FROM "schema_migrations"
  [1m[36mActiveRecord::SchemaMigration Load (0.1ms)[0m  [1mSELECT "schema_migrations".* FROM "schema_migrations"[0m
  [1m[35m (0.1ms)[0m  begin transaction
  [1m[36mSQL (0.2ms)[0m  [1mINSERT INTO "movies" ("title", "rating", "release_date", "created_at", "updated_at") VALUES (?, ?, ?, ?, ?)[0m  [["title", "Aladdin"], ["rating", "G"], ["release_date", "1992-11-25 00:00:00.000000"], ["created_at", "2019-02-24 02:13:23.094002"], ["updated_at", "2019-02-24 02:13:23.094002"]]
  [1m[35m (4.8ms)[0m  commit transaction
  [1m[36m (0.0ms)[0m  [1mbegin transaction[0m
  [1m[35mSQL (0.1ms)[0m  INSERT INTO "movies" ("title", "rating", "release_date", "created_at", "updated_at") VALUES (?, ?, ?, ?, ?)  [["title", "The Terminator"], ["rating", "R"], ["release_date", "1984-10-26 00:00:00.000000"], ["created_at", "2019-02-24 02:13:23.100524"], ["updated_at", "2019-02-24 02:13:23.100524"]]
  [1m[36m (5.4ms)[0m  [1mcommit transaction[0m
  [1m[35m (0.0ms)[0m  begin transaction
  [1m[36mSQL (0.1ms)[0m  [1mINSERT INTO "movies" ("title", "rating", "release_date", "created_at", "updated_at") VALUES (?, ?, ?, ?, ?)[0m  [["title", "When Harry Met Sally"], ["rating", "R"], ["release_date", "1989-07-21 00:00:00.000000"], ["created_at", "2019-02-24 02:13:23.107107"], ["updated_at", "2019-02-24 02:13:23.107107"]]
  [1m[35m (3.9ms)[0m  commit transaction
  [1m[36m (0.1ms)[0m  [1mbegin transaction[0m
  [1m[35mSQL (0.1ms)[0m  INSERT INTO "movies" ("title", "rating", "release_date", "created_at", "updated_at") VALUES (?, ?, ?, ?, ?)  [["title", "The Help"], ["rating", "PG-13"], ["release_date", "2011-08-10 00:00:00.000000"], ["created_at", "2019-02-24 02:13:23.112295"], ["updated_at", "2019-02-24 02:13:23.112295"]]
  [1m[36m (4.5ms)[0m  [1mcommit transaction[0m
  [1m[35m (0.0ms)[0m  begin transaction
  [1m[36mSQL (0.1ms)[0m  [1mINSERT INTO "movies" ("title", "rating", "release_date", "created_at", "updated_at") VALUES (?, ?, ?, ?, ?)[0m  [["title", "Chocolat"], ["rating", "PG-13"], ["release_date", "2001-01-05 00:00:00.000000"], ["created_at", "2019-02-24 02:13:23.118043"], ["updated_at", "2019-02-24 02:13:23.118043"]]
  [1m[35m (6.5ms)[0m  commit transaction
  [1m[36m (0.0ms)[0m  [1mbegin transaction[0m
  [1m[35mSQL (0.1ms)[0m  INSERT INTO "movies" ("title", "rating", "release_date", "created_at", "updated_at") VALUES (?, ?, ?, ?, ?)  [["title", "Amelie"], ["rating", "R"], ["release_date", "2001-04-25 00:00:00.000000"], ["created_at", "2019-02-24 02:13:23.125760"], ["updated_at", "2019-02-24 02:13:23.125760"]]
  [1m[36m (5.9ms)[0m  [1mcommit transaction[0m
  [1m[35m (0.0ms)[0m  begin transaction
  [1m[36mSQL (0.1ms)[0m  [1mINSERT INTO "movies" ("title", "rating", "release_date", "created_at", "updated_at") VALUES (?, ?, ?, ?, ?)[0m  [["title", "2001: A Space Odyssey"], ["rating", "G"], ["release_date", "1968-04-06 00:00:00.000000"], ["created_at", "2019-02-24 02:13:23.132905"], ["updated_at", "2019-02-24 02:13:23.132905"]]
  [1m[35m (4.8ms)[0m  commit transaction
  [1m[36m (0.0ms)[0m  [1mbegin transaction[0m
  [1m[35mSQL (0.1ms)[0m  INSERT INTO "movies" ("title", "rating", "release_date", "created_at", "updated_at") VALUES (?, ?, ?, ?, ?)  [["title", "The Incredibles"], ["rating", "PG"], ["release_date", "2004-11-05 00:00:00.000000"], ["created_at", "2019-02-24 02:13:23.138921"], ["updated_at", "2019-02-24 02:13:23.138921"]]
  [1m[36m (4.0ms)[0m  [1mcommit transaction[0m
  [1m[35m (0.0ms)[0m  begin transaction
  [1m[36mSQL (0.1ms)[0m  [1mINSERT INTO "movies" ("title", "rating", "release_date", "created_at", "updated_at") VALUES (?, ?, ?, ?, ?)[0m  [["title", "Raiders of the Lost Ark"], ["rating", "PG"], ["release_date", "1981-06-12 00:00:00.000000"], ["created_at", "2019-02-24 02:13:23.144149"], ["updated_at", "2019-02-24 02:13:23.144149"]]
  [1m[35m (4.1ms)[0m  commit transaction
  [1m[36m (0.0ms)[0m  [1mbegin transaction[0m
  [1m[35mSQL (0.1ms)[0m  INSERT INTO "movies" ("title", "rating", "release_date", "created_at", "updated_at") VALUES (?, ?, ?, ?, ?)  [["title", "Chicken Run"], ["rating", "G"], ["release_date", "2000-06-21 00:00:00.000000"], ["created_at", "2019-02-24 02:13:23.149503"], ["updated_at", "2019-02-24 02:13:23.149503"]]
  [1m[36m (5.4ms)[0m  [1mcommit transaction[0m


Started GET "/assets/rails.png" for 71.135.88.55 at 2019-02-24 02:13:45 +0000


Started GET "/" for 71.135.88.55 at 2019-02-24 02:15:07 +0000


Started GET "/movies" for 71.135.88.55 at 2019-02-24 02:15:07 +0000
Processing by MoviesController#index as HTML
  [1m[36mMovie Load (0.2ms)[0m  [1mSELECT "movies".* FROM "movies" WHERE "movies"."rating" IN ('G', 'PG', 'PG-13', 'NC-17', 'R')[0m
  Rendered movies/index.html.haml within layouts/application (15.1ms)
Completed 200 OK in 332ms (Views: 302.3ms | ActiveRecord: 1.3ms)


Started GET "/assets/jquery.self-660adc51e0224b731d29f575a6f1ec167ba08ad06ed5deca4f1e8654c135bf4c.js?body=1" for 71.135.88.55 at 2019-02-24 02:15:07 +0000


Started GET "/assets/application.self-2b9b4ceb35a4568bfbe3001eb6cf7d691787c8ec9b2018eecbc3c235cc74b7a4.css?body=1" for 71.135.88.55 at 2019-02-24 02:15:07 +0000


Started GET "/assets/application.self-ac4347b135ab8935f2dd20089f2acc8bec1d6b2ad528a80fcb03cd445dbd4d27.js?body=1" for 71.135.88.55 at 2019-02-24 02:15:07 +0000


Started GET "/assets/jquery_ujs.self-e87806d0cf4489aeb1bb7288016024e8de67fd18db693fe026fe3907581e53cd.js?body=1" for 71.135.88.55 at 2019-02-24 02:15:07 +0000


Started GET "/" for 71.135.88.55 at 2019-02-24 02:17:39 +0000


Started GET "/movies" for 71.135.88.55 at 2019-02-24 02:17:39 +0000
Processing by MoviesController#index as HTML
  [1m[36mMovie Load (0.2ms)[0m  [1mSELECT "movies".* FROM "movies" WHERE "movies"."rating" IN ('G', 'PG', 'PG-13', 'NC-17', 'R')[0m
  Rendered movies/index.html.haml within layouts/application (14.9ms)
Completed 200 OK in 202ms (Views: 145.8ms | ActiveRecord: 1.4ms)


Started GET "/" for 71.135.88.55 at 2019-02-24 03:52:18 +0000


Started GET "/movies" for 71.135.88.55 at 2019-02-24 03:52:18 +0000
Processing by MoviesController#index as HTML
  [1m[36mMovie Load (0.2ms)[0m  [1mSELECT "movies".* FROM "movies" WHERE "movies"."rating" IN ('G', 'PG', 'PG-13', 'NC-17', 'R')[0m
  Rendered movies/index.html.haml within layouts/application (17.6ms)
Completed 200 OK in 242ms (Views: 206.0ms | ActiveRecord: 1.7ms)


Started GET "/assets/application.self-2b9b4ceb35a4568bfbe3001eb6cf7d691787c8ec9b2018eecbc3c235cc74b7a4.css?body=1" for 71.135.88.55 at 2019-02-24 03:52:18 +0000


Started GET "/assets/application.self-ac4347b135ab8935f2dd20089f2acc8bec1d6b2ad528a80fcb03cd445dbd4d27.js?body=1" for 71.135.88.55 at 2019-02-24 03:52:18 +0000


Started GET "/assets/jquery_ujs.self-e87806d0cf4489aeb1bb7288016024e8de67fd18db693fe026fe3907581e53cd.js?body=1" for 71.135.88.55 at 2019-02-24 03:52:18 +0000


Started GET "/assets/jquery.self-660adc51e0224b731d29f575a6f1ec167ba08ad06ed5deca4f1e8654c135bf4c.js?body=1" for 71.135.88.55 at 2019-02-24 03:52:18 +0000


Started GET "/movies?utf8=%E2%9C%93&ratings%5BG%5D=1&ratings%5BPG%5D=1&ratings%5BPG-13%5D=1&ratings%5BNC-17%5D=1&ratings%5BR%5D=1&commit=Refresh" for 71.135.88.55 at 2019-02-24 03:52:25 +0000
Processing by MoviesController#index as HTML
  Parameters: {"utf8"=>"✓", "ratings"=>{"G"=>"1", "PG"=>"1", "PG-13"=>"1", "NC-17"=>"1", "R"=>"1"}, "commit"=>"Refresh"}
Redirected to https://b452b2c78a844b8bb34e99c481d3ba7a.vfs.cloud9.us-east-2.amazonaws.com/movies?ratings%5BG%5D=1&ratings%5BNC-17%5D=1&ratings%5BPG%5D=1&ratings%5BPG-13%5D=1&ratings%5BR%5D=1
Completed 302 Found in 1ms (ActiveRecord: 0.0ms)


Started GET "/movies?ratings%5BG%5D=1&ratings%5BNC-17%5D=1&ratings%5BPG%5D=1&ratings%5BPG-13%5D=1&ratings%5BR%5D=1" for 71.135.88.55 at 2019-02-24 03:52:25 +0000
Processing by MoviesController#index as HTML
  Parameters: {"ratings"=>{"G"=>"1", "NC-17"=>"1", "PG"=>"1", "PG-13"=>"1", "R"=>"1"}}
  [1m[35mMovie Load (0.2ms)[0m  SELECT "movies".* FROM "movies" WHERE "movies"."rating" IN ('G', 'NC-17', 'PG', 'PG-13', 'R')
  Rendered movies/index.html.haml within layouts/application (3.4ms)
Completed 200 OK in 11ms (Views: 10.0ms | ActiveRecord: 0.2ms)


Started GET "/" for 71.135.88.55 at 2019-02-24 03:54:07 +0000

ActiveRecord::ConnectionNotEstablished (No connection pool for ActiveRecord::Base):
  activerecord (4.2.10) lib/active_record/connection_adapters/abstract/connection_pool.rb:570:in `retrieve_connection'
  activerecord (4.2.10) lib/active_record/connection_handling.rb:113:in `retrieve_connection'
  activerecord (4.2.10) lib/active_record/connection_handling.rb:87:in `connection'
  activerecord (4.2.10) lib/active_record/query_cache.rb:51:in `restore_query_cache_settings'
  activerecord (4.2.10) lib/active_record/query_cache.rb:43:in `rescue in call'
  activerecord (4.2.10) lib/active_record/query_cache.rb:31:in `call'
  activerecord (4.2.10) lib/active_record/connection_adapters/abstract/connection_pool.rb:653:in `call'
  actionpack (4.2.10) lib/action_dispatch/middleware/callbacks.rb:29:in `block in call'
  activesupport (4.2.10) lib/active_support/callbacks.rb:88:in `__run_callbacks__'
  activesupport (4.2.10) lib/active_support/callbacks.rb:778:in `_run_call_callbacks'
  activesupport (4.2.10) lib/active_support/callbacks.rb:81:in `run_callbacks'
  actionpack (4.2.10) lib/action_dispatch/middleware/callbacks.rb:27:in `call'
  actionpack (4.2.10) lib/action_dispatch/middleware/reloader.rb:73:in `call'
  actionpack (4.2.10) lib/action_dispatch/middleware/remote_ip.rb:78:in `call'
  actionpack (4.2.10) lib/action_dispatch/middleware/debug_exceptions.rb:17:in `call'
  actionpack (4.2.10) lib/action_dispatch/middleware/show_exceptions.rb:30:in `call'
  railties (4.2.10) lib/rails/rack/logger.rb:38:in `call_app'
  railties (4.2.10) lib/rails/rack/logger.rb:20:in `block in call'
  activesupport (4.2.10) lib/active_support/tagged_logging.rb:68:in `block in tagged'
  activesupport (4.2.10) lib/active_support/tagged_logging.rb:26:in `tagged'
  activesupport (4.2.10) lib/active_support/tagged_logging.rb:68:in `tagged'
  railties (4.2.10) lib/rails/rack/logger.rb:20:in `call'
  actionpack (4.2.10) lib/action_dispatch/middleware/request_id.rb:21:in `call'
  rack (1.6.10) lib/rack/methodoverride.rb:22:in `call'
  rack (1.6.10) lib/rack/runtime.rb:18:in `call'
  activesupport (4.2.10) lib/active_support/cache/strategy/local_cache_middleware.rb:28:in `call'
  rack (1.6.10) lib/rack/lock.rb:17:in `call'
  actionpack (4.2.10) lib/action_dispatch/middleware/static.rb:120:in `call'
  rack (1.6.10) lib/rack/sendfile.rb:113:in `call'
  railties (4.2.10) lib/rails/engine.rb:518:in `call'
  railties (4.2.10) lib/rails/application.rb:165:in `call'
  rack (1.6.10) lib/rack/lock.rb:17:in `call'
  rack (1.6.10) lib/rack/content_length.rb:15:in `call'
  rack (1.6.10) lib/rack/handler/webrick.rb:88:in `service'
  /home/ec2-user/.rvm/rubies/ruby-2.4.0/lib/ruby/2.4.0/webrick/httpserver.rb:140:in `service'
  /home/ec2-user/.rvm/rubies/ruby-2.4.0/lib/ruby/2.4.0/webrick/httpserver.rb:96:in `run'
  /home/ec2-user/.rvm/rubies/ruby-2.4.0/lib/ruby/2.4.0/webrick/server.rb:290:in `block in start_thread'


  Rendered /home/ec2-user/.rvm/gems/ruby-2.4.0/gems/actionpack-4.2.10/lib/action_dispatch/middleware/templates/rescues/_source.erb (2.2ms)
  Rendered /home/ec2-user/.rvm/gems/ruby-2.4.0/gems/actionpack-4.2.10/lib/action_dispatch/middleware/templates/rescues/_trace.html.erb (1.2ms)
  Rendered /home/ec2-user/.rvm/gems/ruby-2.4.0/gems/actionpack-4.2.10/lib/action_dispatch/middleware/templates/rescues/_request_and_response.html.erb (0.8ms)
  Rendered /home/ec2-user/.rvm/gems/ruby-2.4.0/gems/actionpack-4.2.10/lib/action_dispatch/middleware/templates/rescues/diagnostics.html.erb within rescues/layout (26.1ms)


Started GET "/" for 71.135.88.55 at 2019-02-24 03:54:37 +0000


Started GET "/movies" for 71.135.88.55 at 2019-02-24 03:54:38 +0000
Processing by MoviesController#index as HTML
Redirected to https://b452b2c78a844b8bb34e99c481d3ba7a.vfs.cloud9.us-east-2.amazonaws.com/movies?ratings%5BG%5D=1&ratings%5BNC-17%5D=1&ratings%5BPG%5D=1&ratings%5BPG-13%5D=1&ratings%5BR%5D=1
Completed 302 Found in 28ms (ActiveRecord: 0.0ms)


Started GET "/movies?ratings%5BG%5D=1&ratings%5BNC-17%5D=1&ratings%5BPG%5D=1&ratings%5BPG-13%5D=1&ratings%5BR%5D=1" for 71.135.88.55 at 2019-02-24 03:54:38 +0000
Processing by MoviesController#index as HTML
  Parameters: {"ratings"=>{"G"=>"1", "NC-17"=>"1", "PG"=>"1", "PG-13"=>"1", "R"=>"1"}}
  [1m[36mMovie Load (0.2ms)[0m  [1mSELECT "movies".* FROM "movies" WHERE "movies"."rating" IN ('G', 'NC-17', 'PG', 'PG-13', 'R')[0m
  Rendered movies/index.html.haml within layouts/application (37.3ms)
Completed 200 OK in 166ms (Views: 160.7ms | ActiveRecord: 2.0ms)


Started GET "/movies?ratings%5BG%5D=1&ratings%5BNC-17%5D=1&ratings%5BPG%5D=1&ratings%5BPG-13%5D=1&ratings%5BR%5D=1" for 71.135.88.55 at 2019-02-24 03:55:51 +0000
Processing by MoviesController#index as HTML
  Parameters: {"ratings"=>{"G"=>"1", "NC-17"=>"1", "PG"=>"1", "PG-13"=>"1", "R"=>"1"}}
  [1m[35mMovie Load (0.2ms)[0m  SELECT "movies".* FROM "movies" WHERE "movies"."rating" IN ('G', 'NC-17', 'PG', 'PG-13', 'R')
  Rendered movies/index.html.haml within layouts/application (3.4ms)
Completed 200 OK in 11ms (Views: 9.8ms | ActiveRecord: 0.2ms)


Started GET "/" for 71.135.88.55 at 2019-02-24 04:03:04 +0000


Started GET "/movies" for 71.135.88.55 at 2019-02-24 04:03:04 +0000
Processing by MoviesController#index as HTML
Redirected to https://b452b2c78a844b8bb34e99c481d3ba7a.vfs.cloud9.us-east-2.amazonaws.com/movies?ratings%5BG%5D=1&ratings%5BNC-17%5D=1&ratings%5BPG%5D=1&ratings%5BPG-13%5D=1&ratings%5BR%5D=1
Completed 302 Found in 25ms (ActiveRecord: 0.0ms)


Started GET "/movies?ratings%5BG%5D=1&ratings%5BNC-17%5D=1&ratings%5BPG%5D=1&ratings%5BPG-13%5D=1&ratings%5BR%5D=1" for 71.135.88.55 at 2019-02-24 04:03:04 +0000
Processing by MoviesController#index as HTML
  Parameters: {"ratings"=>{"G"=>"1", "NC-17"=>"1", "PG"=>"1", "PG-13"=>"1", "R"=>"1"}}
  [1m[36mMovie Load (0.2ms)[0m  [1mSELECT "movies".* FROM "movies" WHERE "movies"."rating" IN ('G', 'NC-17', 'PG', 'PG-13', 'R')[0m
  Rendered movies/index.html.haml within layouts/application (14.8ms)
Completed 200 OK in 185ms (Views: 180.3ms | ActiveRecord: 1.3ms)


Started GET "/" for 71.135.88.55 at 2019-02-24 04:15:22 +0000


Started GET "/movies" for 71.135.88.55 at 2019-02-24 04:15:22 +0000
Processing by MoviesController#index as HTML
Redirected to https://b452b2c78a844b8bb34e99c481d3ba7a.vfs.cloud9.us-east-2.amazonaws.com/movies?ratings%5BG%5D=1&ratings%5BNC-17%5D=1&ratings%5BPG%5D=1&ratings%5BPG-13%5D=1&ratings%5BR%5D=1
Completed 302 Found in 27ms (ActiveRecord: 0.0ms)


Started GET "/movies?ratings%5BG%5D=1&ratings%5BNC-17%5D=1&ratings%5BPG%5D=1&ratings%5BPG-13%5D=1&ratings%5BR%5D=1" for 71.135.88.55 at 2019-02-24 04:15:23 +0000
Processing by MoviesController#index as HTML
  Parameters: {"ratings"=>{"G"=>"1", "NC-17"=>"1", "PG"=>"1", "PG-13"=>"1", "R"=>"1"}}
  [1m[36mMovie Load (0.2ms)[0m  [1mSELECT "movies".* FROM "movies" WHERE "movies"."rating" IN ('G', 'NC-17', 'PG', 'PG-13', 'R')[0m
  Rendered movies/index.html.haml within layouts/application (19.7ms)
Completed 500 Internal Server Error in 29ms (ActiveRecord: 1.4ms)

ActionView::Template::Error (undefined method `director' for #<Movie:0x00000002f77428>):
    24:         %td= movie.title 
    25:         %td= movie.rating
    26:         %td= movie.release_date
    27:         %td= movie.director
    28:         %td= link_to "More about #{movie.title}", movie_path(movie)
    29: 
    30: = link_to 'Add new movie', new_movie_path
  app/views/movies/index.html.haml:27:in `block in _app_views_movies_index_html_haml___339879575671017490_28840900'
  app/views/movies/index.html.haml:22:in `_app_views_movies_index_html_haml___339879575671017490_28840900'


  Rendered /home/ec2-user/.rvm/gems/ruby-2.4.0/gems/actionpack-4.2.10/lib/action_dispatch/middleware/templates/rescues/_source.erb (20.1ms)
  Rendered /home/ec2-user/.rvm/gems/ruby-2.4.0/gems/actionpack-4.2.10/lib/action_dispatch/middleware/templates/rescues/_trace.html.erb (5.3ms)
  Rendered /home/ec2-user/.rvm/gems/ruby-2.4.0/gems/actionpack-4.2.10/lib/action_dispatch/middleware/templates/rescues/_request_and_response.html.erb (1.5ms)
  Rendered /home/ec2-user/.rvm/gems/ruby-2.4.0/gems/actionpack-4.2.10/lib/action_dispatch/middleware/templates/rescues/template_error.html.erb within rescues/layout (40.5ms)


Started GET "/" for 71.135.88.55 at 2019-02-24 04:17:08 +0000


Started GET "/movies" for 71.135.88.55 at 2019-02-24 04:17:08 +0000
Processing by MoviesController#index as HTML
Redirected to https://b452b2c78a844b8bb34e99c481d3ba7a.vfs.cloud9.us-east-2.amazonaws.com/movies?ratings%5BG%5D=1&ratings%5BNC-17%5D=1&ratings%5BPG%5D=1&ratings%5BPG-13%5D=1&ratings%5BR%5D=1
Completed 302 Found in 24ms (ActiveRecord: 0.0ms)


Started GET "/movies?ratings%5BG%5D=1&ratings%5BNC-17%5D=1&ratings%5BPG%5D=1&ratings%5BPG-13%5D=1&ratings%5BR%5D=1" for 71.135.88.55 at 2019-02-24 04:17:08 +0000
Processing by MoviesController#index as HTML
  Parameters: {"ratings"=>{"G"=>"1", "NC-17"=>"1", "PG"=>"1", "PG-13"=>"1", "R"=>"1"}}
  [1m[36mMovie Load (0.2ms)[0m  [1mSELECT "movies".* FROM "movies" WHERE "movies"."rating" IN ('G', 'NC-17', 'PG', 'PG-13', 'R')[0m
  Rendered movies/index.html.haml within layouts/application (19.9ms)
Completed 500 Internal Server Error in 29ms (ActiveRecord: 1.3ms)

ActionView::Template::Error (undefined method `director' for #<Movie:0x00000003eb2de8>):
    24:         %td= movie.title 
    25:         %td= movie.rating
    26:         %td= movie.release_date
    27:         %td= movie.director
    28:         %td= link_to "More about #{movie.title}", movie_path(movie)
    29: 
    30: = link_to 'Add new movie', new_movie_path
  app/views/movies/index.html.haml:27:in `block in _app_views_movies_index_html_haml___4371341546527513385_36030400'
  app/views/movies/index.html.haml:22:in `_app_views_movies_index_html_haml___4371341546527513385_36030400'


  Rendered /home/ec2-user/.rvm/gems/ruby-2.4.0/gems/actionpack-4.2.10/lib/action_dispatch/middleware/templates/rescues/_source.erb (5.3ms)
  Rendered /home/ec2-user/.rvm/gems/ruby-2.4.0/gems/actionpack-4.2.10/lib/action_dispatch/middleware/templates/rescues/_trace.html.erb (2.2ms)
  Rendered /home/ec2-user/.rvm/gems/ruby-2.4.0/gems/actionpack-4.2.10/lib/action_dispatch/middleware/templates/rescues/_request_and_response.html.erb (0.9ms)
  Rendered /home/ec2-user/.rvm/gems/ruby-2.4.0/gems/actionpack-4.2.10/lib/action_dispatch/middleware/templates/rescues/template_error.html.erb within rescues/layout (20.9ms)


Started GET "/" for 128.194.128.226 at 2019-02-25 01:17:07 +0000


Started GET "/movies" for 128.194.128.226 at 2019-02-25 01:17:07 +0000
Processing by MoviesController#index as HTML
  [1m[36mMovie Load (0.2ms)[0m  [1mSELECT "movies".* FROM "movies" WHERE "movies"."rating" IN ('G', 'PG', 'PG-13', 'NC-17', 'R')[0m
  Rendered movies/index.html.haml within layouts/application (21.4ms)
Completed 500 Internal Server Error in 66ms (ActiveRecord: 1.8ms)

ActionView::Template::Error (undefined method `director' for #<Movie:0x00000002df65e0>):
    24:         %td= movie.title 
    25:         %td= movie.rating
    26:         %td= movie.release_date
    27:         %td= movie.director
    28:         %td= link_to "More about #{movie.title}", movie_path(movie)
    29: 
    30: = link_to 'Add new movie', new_movie_path
  app/views/movies/index.html.haml:27:in `block in _app_views_movies_index_html_haml___3753391283294418691_27521840'
  app/views/movies/index.html.haml:22:in `_app_views_movies_index_html_haml___3753391283294418691_27521840'


  Rendered /home/ec2-user/.rvm/gems/ruby-2.4.0/gems/actionpack-4.2.10/lib/action_dispatch/middleware/templates/rescues/_source.erb (4.5ms)
  Rendered /home/ec2-user/.rvm/gems/ruby-2.4.0/gems/actionpack-4.2.10/lib/action_dispatch/middleware/templates/rescues/_trace.html.erb (1.9ms)
  Rendered /home/ec2-user/.rvm/gems/ruby-2.4.0/gems/actionpack-4.2.10/lib/action_dispatch/middleware/templates/rescues/_request_and_response.html.erb (0.5ms)
  Rendered /home/ec2-user/.rvm/gems/ruby-2.4.0/gems/actionpack-4.2.10/lib/action_dispatch/middleware/templates/rescues/template_error.html.erb within rescues/layout (21.1ms)


Started GET "/" for 165.91.13.141 at 2019-02-25 01:24:07 +0000


Started GET "/movies" for 165.91.13.141 at 2019-02-25 01:24:07 +0000
Processing by MoviesController#index as HTML
  [1m[36mMovie Load (0.2ms)[0m  [1mSELECT "movies".* FROM "movies" WHERE "movies"."rating" IN ('G', 'PG', 'PG-13', 'NC-17', 'R')[0m
  Rendered movies/index.html.haml within layouts/application (37.6ms)
Completed 500 Internal Server Error in 71ms (ActiveRecord: 2.3ms)

ActionView::Template::Error (undefined method `director' for #<Movie:0x0000000466c0e8>):
    24:         %td= movie.title 
    25:         %td= movie.rating
    26:         %td= movie.release_date
    27:         %td= movie.director
    28:         %td= link_to "More about #{movie.title}", movie_path(movie)
    29: 
    30: = link_to 'Add new movie', new_movie_path
  app/views/movies/index.html.haml:27:in `block in _app_views_movies_index_html_haml___3888084216551237817_32597580'
  app/views/movies/index.html.haml:22:in `_app_views_movies_index_html_haml___3888084216551237817_32597580'


  Rendered /home/ec2-user/.rvm/gems/ruby-2.4.0/gems/actionpack-4.2.10/lib/action_dispatch/middleware/templates/rescues/_source.erb (4.4ms)
  Rendered /home/ec2-user/.rvm/gems/ruby-2.4.0/gems/actionpack-4.2.10/lib/action_dispatch/middleware/templates/rescues/_trace.html.erb (1.9ms)
  Rendered /home/ec2-user/.rvm/gems/ruby-2.4.0/gems/actionpack-4.2.10/lib/action_dispatch/middleware/templates/rescues/_request_and_response.html.erb (0.6ms)
  Rendered /home/ec2-user/.rvm/gems/ruby-2.4.0/gems/actionpack-4.2.10/lib/action_dispatch/middleware/templates/rescues/template_error.html.erb within rescues/layout (17.7ms)


Started GET "/" for 165.91.13.141 at 2019-02-25 01:25:33 +0000


Started GET "/movies" for 165.91.13.141 at 2019-02-25 01:25:34 +0000
Processing by MoviesController#index as HTML
  [1m[36mMovie Load (0.2ms)[0m  [1mSELECT "movies".* FROM "movies" WHERE "movies"."rating" IN ('G', 'PG', 'PG-13', 'NC-17', 'R')[0m
  Rendered movies/index.html.haml within layouts/application (30.6ms)
Completed 500 Internal Server Error in 75ms (ActiveRecord: 2.1ms)

ActionView::Template::Error (undefined method `director' for #<Movie:0x007f84885cc290>):
    24:         %td= movie.title 
    25:         %td= movie.rating
    26:         %td= movie.release_date
    27:         %td= movie.director
    28:         %td= link_to "More about #{movie.title}", movie_path(movie)
    29: 
    30: = link_to 'Add new movie', new_movie_path
  app/views/movies/index.html.haml:27:in `block in _app_views_movies_index_html_haml__941306065843870366_26287840'
  app/views/movies/index.html.haml:22:in `_app_views_movies_index_html_haml__941306065843870366_26287840'


  Rendered /home/ec2-user/.rvm/gems/ruby-2.4.0/gems/actionpack-4.2.10/lib/action_dispatch/middleware/templates/rescues/_source.erb (4.4ms)
  Rendered /home/ec2-user/.rvm/gems/ruby-2.4.0/gems/actionpack-4.2.10/lib/action_dispatch/middleware/templates/rescues/_trace.html.erb (1.9ms)
  Rendered /home/ec2-user/.rvm/gems/ruby-2.4.0/gems/actionpack-4.2.10/lib/action_dispatch/middleware/templates/rescues/_request_and_response.html.erb (0.6ms)
  Rendered /home/ec2-user/.rvm/gems/ruby-2.4.0/gems/actionpack-4.2.10/lib/action_dispatch/middleware/templates/rescues/template_error.html.erb within rescues/layout (17.5ms)
  [1m[36mActiveRecord::SchemaMigration Load (0.1ms)[0m  [1mSELECT "schema_migrations".* FROM "schema_migrations"[0m
  [1m[35mActiveRecord::SchemaMigration Load (0.1ms)[0m  SELECT "schema_migrations".* FROM "schema_migrations"
  [1m[36mActiveRecord::SchemaMigration Load (0.1ms)[0m  [1mSELECT "schema_migrations".* FROM "schema_migrations"[0m
  [1m[35m (0.1ms)[0m  begin transaction
  [1m[36mSQL (0.7ms)[0m  [1mINSERT INTO "movies" ("title", "rating", "release_date", "created_at", "updated_at") VALUES (?, ?, ?, ?, ?)[0m  [["title", "Aladdin"], ["rating", "G"], ["release_date", "1992-11-25 00:00:00.000000"], ["created_at", "2019-02-25 01:28:16.226589"], ["updated_at", "2019-02-25 01:28:16.226589"]]
  [1m[35m (5.1ms)[0m  commit transaction
  [1m[36m (0.0ms)[0m  [1mbegin transaction[0m
  [1m[35mSQL (0.1ms)[0m  INSERT INTO "movies" ("title", "rating", "release_date", "created_at", "updated_at") VALUES (?, ?, ?, ?, ?)  [["title", "The Terminator"], ["rating", "R"], ["release_date", "1984-10-26 00:00:00.000000"], ["created_at", "2019-02-25 01:28:16.233739"], ["updated_at", "2019-02-25 01:28:16.233739"]]
  [1m[36m (4.1ms)[0m  [1mcommit transaction[0m
  [1m[35m (0.0ms)[0m  begin transaction
  [1m[36mSQL (0.1ms)[0m  [1mINSERT INTO "movies" ("title", "rating", "release_date", "created_at", "updated_at") VALUES (?, ?, ?, ?, ?)[0m  [["title", "When Harry Met Sally"], ["rating", "R"], ["release_date", "1989-07-21 00:00:00.000000"], ["created_at", "2019-02-25 01:28:16.238989"], ["updated_at", "2019-02-25 01:28:16.238989"]]
  [1m[35m (4.6ms)[0m  commit transaction
  [1m[36m (0.0ms)[0m  [1mbegin transaction[0m
  [1m[35mSQL (0.1ms)[0m  INSERT INTO "movies" ("title", "rating", "release_date", "created_at", "updated_at") VALUES (?, ?, ?, ?, ?)  [["title", "The Help"], ["rating", "PG-13"], ["release_date", "2011-08-10 00:00:00.000000"], ["created_at", "2019-02-25 01:28:16.244648"], ["updated_at", "2019-02-25 01:28:16.244648"]]
  [1m[36m (5.3ms)[0m  [1mcommit transaction[0m
  [1m[35m (0.1ms)[0m  begin transaction
  [1m[36mSQL (0.1ms)[0m  [1mINSERT INTO "movies" ("title", "rating", "release_date", "created_at", "updated_at") VALUES (?, ?, ?, ?, ?)[0m  [["title", "Chocolat"], ["rating", "PG-13"], ["release_date", "2001-01-05 00:00:00.000000"], ["created_at", "2019-02-25 01:28:16.251059"], ["updated_at", "2019-02-25 01:28:16.251059"]]
  [1m[35m (4.2ms)[0m  commit transaction
  [1m[36m (0.0ms)[0m  [1mbegin transaction[0m
  [1m[35mSQL (0.1ms)[0m  INSERT INTO "movies" ("title", "rating", "release_date", "created_at", "updated_at") VALUES (?, ?, ?, ?, ?)  [["title", "Amelie"], ["rating", "R"], ["release_date", "2001-04-25 00:00:00.000000"], ["created_at", "2019-02-25 01:28:16.256334"], ["updated_at", "2019-02-25 01:28:16.256334"]]
  [1m[36m (5.9ms)[0m  [1mcommit transaction[0m
  [1m[35m (0.0ms)[0m  begin transaction
  [1m[36mSQL (0.1ms)[0m  [1mINSERT INTO "movies" ("title", "rating", "release_date", "created_at", "updated_at") VALUES (?, ?, ?, ?, ?)[0m  [["title", "2001: A Space Odyssey"], ["rating", "G"], ["release_date", "1968-04-06 00:00:00.000000"], ["created_at", "2019-02-25 01:28:16.263491"], ["updated_at", "2019-02-25 01:28:16.263491"]]
  [1m[35m (4.4ms)[0m  commit transaction
  [1m[36m (0.0ms)[0m  [1mbegin transaction[0m
  [1m[35mSQL (0.1ms)[0m  INSERT INTO "movies" ("title", "rating", "release_date", "created_at", "updated_at") VALUES (?, ?, ?, ?, ?)  [["title", "The Incredibles"], ["rating", "PG"], ["release_date", "2004-11-05 00:00:00.000000"], ["created_at", "2019-02-25 01:28:16.269108"], ["updated_at", "2019-02-25 01:28:16.269108"]]
  [1m[36m (5.3ms)[0m  [1mcommit transaction[0m
  [1m[35m (0.0ms)[0m  begin transaction
  [1m[36mSQL (0.1ms)[0m  [1mINSERT INTO "movies" ("title", "rating", "release_date", "created_at", "updated_at") VALUES (?, ?, ?, ?, ?)[0m  [["title", "Raiders of the Lost Ark"], ["rating", "PG"], ["release_date", "1981-06-12 00:00:00.000000"], ["created_at", "2019-02-25 01:28:16.275654"], ["updated_at", "2019-02-25 01:28:16.275654"]]
  [1m[35m (4.5ms)[0m  commit transaction
  [1m[36m (0.1ms)[0m  [1mbegin transaction[0m
  [1m[35mSQL (0.1ms)[0m  INSERT INTO "movies" ("title", "rating", "release_date", "created_at", "updated_at") VALUES (?, ?, ?, ?, ?)  [["title", "Chicken Run"], ["rating", "G"], ["release_date", "2000-06-21 00:00:00.000000"], ["created_at", "2019-02-25 01:28:16.281542"], ["updated_at", "2019-02-25 01:28:16.281542"]]
  [1m[36m (5.6ms)[0m  [1mcommit transaction[0m
  [1m[36m (5.0ms)[0m  [1mCREATE TABLE "schema_migrations" ("version" varchar NOT NULL) [0m
  [1m[35m (0.1ms)[0m  select sqlite_version(*)
  [1m[36m (5.7ms)[0m  [1mCREATE UNIQUE INDEX "unique_schema_migrations" ON "schema_migrations" ("version")[0m
  [1m[35mActiveRecord::SchemaMigration Load (0.1ms)[0m  SELECT "schema_migrations".* FROM "schema_migrations"
Migrating to CreateMovies (20111119180638)
  [1m[36m (0.0ms)[0m  [1mbegin transaction[0m
DEPRECATION WARNING: `#timestamps` was called without specifying an option for `null`. In Rails 5, this behavior will change to `null: false`. You should manually specify `null: true` to prevent the behavior of your existing migrations from changing. (called from block in up at /home/ec2-user/environment/hw-acceptance-unit-test-cycle/rottenpotatoes/db/migrate/20111119180638_create_movies.rb:10)
  [1m[35m (0.3ms)[0m  CREATE TABLE "movies" ("id" INTEGER PRIMARY KEY AUTOINCREMENT NOT NULL, "title" varchar, "rating" varchar, "description" text, "release_date" datetime, "created_at" datetime, "updated_at" datetime) 
  [1m[36mSQL (0.1ms)[0m  [1mINSERT INTO "schema_migrations" ("version") VALUES (?)[0m  [["version", "20111119180638"]]
  [1m[35m (5.3ms)[0m  commit transaction
  [1m[36mActiveRecord::SchemaMigration Load (0.1ms)[0m  [1mSELECT "schema_migrations".* FROM "schema_migrations"[0m
  [1m[36mActiveRecord::SchemaMigration Load (0.1ms)[0m  [1mSELECT "schema_migrations".* FROM "schema_migrations"[0m
  [1m[35mActiveRecord::SchemaMigration Load (0.1ms)[0m  SELECT "schema_migrations".* FROM "schema_migrations"
  [1m[36m (4.6ms)[0m  [1mCREATE TABLE "movies" ("id" INTEGER PRIMARY KEY AUTOINCREMENT NOT NULL, "title" varchar, "rating" varchar, "description" text, "release_date" datetime, "created_at" datetime, "updated_at" datetime) [0m
  [1m[35m (5.8ms)[0m  CREATE TABLE "schema_migrations" ("version" varchar NOT NULL) 
  [1m[36m (0.1ms)[0m  [1mselect sqlite_version(*)[0m
  [1m[35m (4.4ms)[0m  CREATE UNIQUE INDEX "unique_schema_migrations" ON "schema_migrations" ("version")
  [1m[36m (0.1ms)[0m  [1mSELECT version FROM "schema_migrations"[0m
  [1m[35m (5.1ms)[0m  INSERT INTO "schema_migrations" (version) VALUES ('20111119180638')


Started GET "/" for 165.91.13.141 at 2019-02-25 01:29:32 +0000


Started GET "/movies" for 165.91.13.141 at 2019-02-25 01:29:32 +0000
Processing by MoviesController#index as HTML
  [1m[36mMovie Load (0.1ms)[0m  [1mSELECT "movies".* FROM "movies" WHERE "movies"."rating" IN ('G', 'PG', 'PG-13', 'NC-17', 'R')[0m
  Rendered movies/index.html.haml within layouts/application (9.0ms)
Completed 200 OK in 184ms (Views: 158.7ms | ActiveRecord: 1.0ms)
  [1m[36mActiveRecord::SchemaMigration Load (0.1ms)[0m  [1mSELECT "schema_migrations".* FROM "schema_migrations"[0m
  [1m[35m (0.1ms)[0m  begin transaction
  [1m[36mSQL (0.3ms)[0m  [1mINSERT INTO "movies" ("title", "rating", "release_date", "created_at", "updated_at") VALUES (?, ?, ?, ?, ?)[0m  [["title", "Aladdin"], ["rating", "G"], ["release_date", "1992-11-25 00:00:00.000000"], ["created_at", "2019-02-25 01:29:52.968659"], ["updated_at", "2019-02-25 01:29:52.968659"]]
  [1m[35m (5.9ms)[0m  commit transaction
  [1m[36m (0.0ms)[0m  [1mbegin transaction[0m
  [1m[35mSQL (0.1ms)[0m  INSERT INTO "movies" ("title", "rating", "release_date", "created_at", "updated_at") VALUES (?, ?, ?, ?, ?)  [["title", "The Terminator"], ["rating", "R"], ["release_date", "1984-10-26 00:00:00.000000"], ["created_at", "2019-02-25 01:29:52.976120"], ["updated_at", "2019-02-25 01:29:52.976120"]]
  [1m[36m (6.2ms)[0m  [1mcommit transaction[0m
  [1m[35m (0.0ms)[0m  begin transaction
  [1m[36mSQL (0.1ms)[0m  [1mINSERT INTO "movies" ("title", "rating", "release_date", "created_at", "updated_at") VALUES (?, ?, ?, ?, ?)[0m  [["title", "When Harry Met Sally"], ["rating", "R"], ["release_date", "1989-07-21 00:00:00.000000"], ["created_at", "2019-02-25 01:29:52.983553"], ["updated_at", "2019-02-25 01:29:52.983553"]]
  [1m[35m (6.4ms)[0m  commit transaction
  [1m[36m (0.0ms)[0m  [1mbegin transaction[0m
  [1m[35mSQL (0.1ms)[0m  INSERT INTO "movies" ("title", "rating", "release_date", "created_at", "updated_at") VALUES (?, ?, ?, ?, ?)  [["title", "The Help"], ["rating", "PG-13"], ["release_date", "2011-08-10 00:00:00.000000"], ["created_at", "2019-02-25 01:29:52.991035"], ["updated_at", "2019-02-25 01:29:52.991035"]]
  [1m[36m (5.6ms)[0m  [1mcommit transaction[0m
  [1m[35m (0.0ms)[0m  begin transaction
  [1m[36mSQL (0.1ms)[0m  [1mINSERT INTO "movies" ("title", "rating", "release_date", "created_at", "updated_at") VALUES (?, ?, ?, ?, ?)[0m  [["title", "Chocolat"], ["rating", "PG-13"], ["release_date", "2001-01-05 00:00:00.000000"], ["created_at", "2019-02-25 01:29:52.997812"], ["updated_at", "2019-02-25 01:29:52.997812"]]
  [1m[35m (5.1ms)[0m  commit transaction
  [1m[36m (0.0ms)[0m  [1mbegin transaction[0m
  [1m[35mSQL (0.1ms)[0m  INSERT INTO "movies" ("title", "rating", "release_date", "created_at", "updated_at") VALUES (?, ?, ?, ?, ?)  [["title", "Amelie"], ["rating", "R"], ["release_date", "2001-04-25 00:00:00.000000"], ["created_at", "2019-02-25 01:29:53.005345"], ["updated_at", "2019-02-25 01:29:53.005345"]]
  [1m[36m (6.7ms)[0m  [1mcommit transaction[0m
  [1m[35m (0.0ms)[0m  begin transaction
  [1m[36mSQL (0.1ms)[0m  [1mINSERT INTO "movies" ("title", "rating", "release_date", "created_at", "updated_at") VALUES (?, ?, ?, ?, ?)[0m  [["title", "2001: A Space Odyssey"], ["rating", "G"], ["release_date", "1968-04-06 00:00:00.000000"], ["created_at", "2019-02-25 01:29:53.013237"], ["updated_at", "2019-02-25 01:29:53.013237"]]
  [1m[35m (6.3ms)[0m  commit transaction
  [1m[36m (0.0ms)[0m  [1mbegin transaction[0m
  [1m[35mSQL (0.1ms)[0m  INSERT INTO "movies" ("title", "rating", "release_date", "created_at", "updated_at") VALUES (?, ?, ?, ?, ?)  [["title", "The Incredibles"], ["rating", "PG"], ["release_date", "2004-11-05 00:00:00.000000"], ["created_at", "2019-02-25 01:29:53.020667"], ["updated_at", "2019-02-25 01:29:53.020667"]]
  [1m[36m (6.2ms)[0m  [1mcommit transaction[0m
  [1m[35m (0.0ms)[0m  begin transaction
  [1m[36mSQL (0.1ms)[0m  [1mINSERT INTO "movies" ("title", "rating", "release_date", "created_at", "updated_at") VALUES (?, ?, ?, ?, ?)[0m  [["title", "Raiders of the Lost Ark"], ["rating", "PG"], ["release_date", "1981-06-12 00:00:00.000000"], ["created_at", "2019-02-25 01:29:53.027920"], ["updated_at", "2019-02-25 01:29:53.027920"]]
  [1m[35m (6.1ms)[0m  commit transaction
  [1m[36m (0.0ms)[0m  [1mbegin transaction[0m
  [1m[35mSQL (0.1ms)[0m  INSERT INTO "movies" ("title", "rating", "release_date", "created_at", "updated_at") VALUES (?, ?, ?, ?, ?)  [["title", "Chicken Run"], ["rating", "G"], ["release_date", "2000-06-21 00:00:00.000000"], ["created_at", "2019-02-25 01:29:53.035180"], ["updated_at", "2019-02-25 01:29:53.035180"]]
  [1m[36m (4.7ms)[0m  [1mcommit transaction[0m


Started GET "/" for 165.91.13.141 at 2019-02-25 01:29:59 +0000


Started GET "/movies" for 165.91.13.141 at 2019-02-25 01:30:00 +0000
Processing by MoviesController#index as HTML
  [1m[36mMovie Load (0.2ms)[0m  [1mSELECT "movies".* FROM "movies" WHERE "movies"."rating" IN ('G', 'PG', 'PG-13', 'NC-17', 'R')[0m
  Rendered movies/index.html.haml within layouts/application (18.5ms)
Completed 500 Internal Server Error in 50ms (ActiveRecord: 1.3ms)

ActionView::Template::Error (undefined method `director' for #<Movie:0x00000004820240>):
    24:         %td= movie.title 
    25:         %td= movie.rating
    26:         %td= movie.release_date
    27:         %td= movie.director
    28:         %td= link_to "More about #{movie.title}", movie_path(movie)
    29: 
    30: = link_to 'Add new movie', new_movie_path
  app/views/movies/index.html.haml:27:in `block in _app_views_movies_index_html_haml__2747551134418193160_39012460'
  app/views/movies/index.html.haml:22:in `_app_views_movies_index_html_haml__2747551134418193160_39012460'


  Rendered /home/ec2-user/.rvm/gems/ruby-2.4.0/gems/actionpack-4.2.10/lib/action_dispatch/middleware/templates/rescues/_source.erb (4.5ms)
  Rendered /home/ec2-user/.rvm/gems/ruby-2.4.0/gems/actionpack-4.2.10/lib/action_dispatch/middleware/templates/rescues/_trace.html.erb (1.8ms)
  Rendered /home/ec2-user/.rvm/gems/ruby-2.4.0/gems/actionpack-4.2.10/lib/action_dispatch/middleware/templates/rescues/_request_and_response.html.erb (0.6ms)
  Rendered /home/ec2-user/.rvm/gems/ruby-2.4.0/gems/actionpack-4.2.10/lib/action_dispatch/middleware/templates/rescues/template_error.html.erb within rescues/layout (18.0ms)
  [1m[36mActiveRecord::SchemaMigration Load (0.1ms)[0m  [1mSELECT "schema_migrations".* FROM "schema_migrations"[0m
  [1m[35mActiveRecord::SchemaMigration Load (0.1ms)[0m  SELECT "schema_migrations".* FROM "schema_migrations"
  [1m[36mActiveRecord::SchemaMigration Load (0.1ms)[0m  [1mSELECT "schema_migrations".* FROM "schema_migrations"[0m
Migrating to AddDirector (20191119180638)
  [1m[35m (0.0ms)[0m  begin transaction
  [1m[36m (0.4ms)[0m  [1mALTER TABLE "movies" ADD "director" varchar[0m
  [1m[35mSQL (0.1ms)[0m  INSERT INTO "schema_migrations" ("version") VALUES (?)  [["version", "20191119180638"]]
  [1m[36m (4.8ms)[0m  [1mcommit transaction[0m
  [1m[35mActiveRecord::SchemaMigration Load (0.1ms)[0m  SELECT "schema_migrations".* FROM "schema_migrations"


Started GET "/" for 165.91.13.141 at 2019-02-25 01:40:03 +0000


Started GET "/movies" for 165.91.13.141 at 2019-02-25 01:40:03 +0000
Processing by MoviesController#index as HTML
  [1m[36mMovie Load (0.2ms)[0m  [1mSELECT "movies".* FROM "movies" WHERE "movies"."rating" IN ('G', 'PG', 'PG-13', 'NC-17', 'R')[0m
  Rendered movies/index.html.haml within layouts/application (14.3ms)
Completed 200 OK in 177ms (Views: 154.3ms | ActiveRecord: 1.2ms)
  [1m[36m (5.0ms)[0m  [1mCREATE TABLE "movies" ("id" INTEGER PRIMARY KEY AUTOINCREMENT NOT NULL, "title" varchar, "rating" varchar, "description" text, "release_date" datetime, "created_at" datetime, "updated_at" datetime, "director" varchar) [0m
  [1m[35m (5.9ms)[0m  CREATE TABLE "schema_migrations" ("version" varchar NOT NULL) 
  [1m[36m (0.1ms)[0m  [1mselect sqlite_version(*)[0m
  [1m[35m (4.4ms)[0m  CREATE UNIQUE INDEX "unique_schema_migrations" ON "schema_migrations" ("version")
  [1m[36m (0.1ms)[0m  [1mSELECT version FROM "schema_migrations"[0m
  [1m[35m (5.6ms)[0m  INSERT INTO "schema_migrations" (version) VALUES ('20191119180638')
  [1m[36m (4.0ms)[0m  [1mINSERT INTO "schema_migrations" (version) VALUES ('20111119180638')[0m


Started GET "/" for 165.91.13.141 at 2019-02-25 01:41:07 +0000


Started GET "/movies" for 165.91.13.141 at 2019-02-25 01:41:07 +0000
Processing by MoviesController#index as HTML
  [1m[36mMovie Load (0.1ms)[0m  [1mSELECT "movies".* FROM "movies" WHERE "movies"."rating" IN ('G', 'PG', 'PG-13', 'NC-17', 'R')[0m
  Rendered movies/index.html.haml within layouts/application (33.8ms)
Completed 200 OK in 171ms (Views: 143.2ms | ActiveRecord: 2.6ms)


Started GET "/" for 165.91.13.141 at 2019-02-25 02:58:07 +0000


Started GET "/movies" for 165.91.13.141 at 2019-02-25 02:58:07 +0000
Processing by MoviesController#index as HTML
  [1m[36mMovie Load (0.2ms)[0m  [1mSELECT "movies".* FROM "movies" WHERE "movies"."rating" IN ('G', 'PG', 'PG-13', 'NC-17', 'R')[0m
  Rendered movies/index.html.haml within layouts/application (15.6ms)
Completed 200 OK in 199ms (Views: 173.0ms | ActiveRecord: 1.2ms)


Started GET "/" for 165.91.13.141 at 2019-02-25 02:58:26 +0000


Started GET "/movies" for 165.91.13.141 at 2019-02-25 02:58:26 +0000
Processing by MoviesController#index as HTML
  [1m[36mMovie Load (0.2ms)[0m  [1mSELECT "movies".* FROM "movies" WHERE "movies"."rating" IN ('G', 'PG', 'PG-13', 'NC-17', 'R')[0m
  Rendered movies/index.html.haml within layouts/application (33.6ms)
Completed 200 OK in 182ms (Views: 151.6ms | ActiveRecord: 2.3ms)


Started GET "/" for 165.91.13.141 at 2019-02-25 03:26:39 +0000


Started GET "/movies" for 165.91.13.141 at 2019-02-25 03:26:39 +0000
Processing by MoviesController#index as HTML
  [1m[36mMovie Load (0.2ms)[0m  [1mSELECT "movies".* FROM "movies" WHERE "movies"."rating" IN ('G', 'PG', 'PG-13', 'NC-17', 'R')[0m
  Rendered movies/index.html.haml within layouts/application (14.3ms)
Completed 200 OK in 175ms (Views: 150.5ms | ActiveRecord: 1.2ms)


Started GET "/movies/1" for 165.91.13.141 at 2019-02-25 03:27:00 +0000
Processing by MoviesController#show as HTML
  Parameters: {"id"=>"1"}
  [1m[35mMovie Load (0.2ms)[0m  SELECT  "movies".* FROM "movies" WHERE "movies"."id" = ? LIMIT 1  [["id", 1]]
  Rendered movies/show.html.haml within layouts/application (24.7ms)
Completed 500 Internal Server Error in 30ms (ActiveRecord: 0.2ms)

ActionView::Template::Error (undefined local variable or method `list_directors_path' for #<#<Class:0x00000000c4fdd8>:0x007f21f9fae8e0>):
    13:   %li
    14:     Director:
    15:     = @movie.director
    16:     = link_to 'Find Movies With Same Director', list_directors_path
    17:     
    18: %h3 Description:
    19: 
  app/views/movies/show.html.haml:16:in `_app_views_movies_show_html_haml___2553548290959886302_69891952306900'


  Rendered /home/ec2-user/.rvm/gems/ruby-2.4.0/gems/actionpack-4.2.10/lib/action_dispatch/middleware/templates/rescues/_source.erb (4.2ms)
  Rendered /home/ec2-user/.rvm/gems/ruby-2.4.0/gems/actionpack-4.2.10/lib/action_dispatch/middleware/templates/rescues/_trace.html.erb (1.9ms)
  Rendered /home/ec2-user/.rvm/gems/ruby-2.4.0/gems/actionpack-4.2.10/lib/action_dispatch/middleware/templates/rescues/_request_and_response.html.erb (0.8ms)
  Rendered /home/ec2-user/.rvm/gems/ruby-2.4.0/gems/actionpack-4.2.10/lib/action_dispatch/middleware/templates/rescues/template_error.html.erb within rescues/layout (17.4ms)


Started GET "/" for 165.91.13.141 at 2019-02-25 03:30:43 +0000


Started GET "/movies" for 165.91.13.141 at 2019-02-25 03:30:43 +0000
Processing by MoviesController#index as HTML
  [1m[36mMovie Load (0.1ms)[0m  [1mSELECT "movies".* FROM "movies" WHERE "movies"."rating" IN ('G', 'PG', 'PG-13', 'NC-17', 'R')[0m
  Rendered movies/index.html.haml within layouts/application (21.8ms)
Completed 200 OK in 167ms (Views: 122.2ms | ActiveRecord: 5.6ms)


Started GET "/movies/1" for 165.91.13.141 at 2019-02-25 03:30:46 +0000
Processing by MoviesController#show as HTML
  Parameters: {"id"=>"1"}
  [1m[35mMovie Load (0.2ms)[0m  SELECT  "movies".* FROM "movies" WHERE "movies"."id" = ? LIMIT 1  [["id", 1]]
  Rendered movies/show.html.haml within layouts/application (24.5ms)
Completed 500 Internal Server Error in 28ms (ActiveRecord: 0.2ms)

ActionView::Template::Error (undefined local variable or method `list_directors_path' for #<#<Class:0x0000000472bd08>:0x007f922dde7418>):
    13:   %li
    14:     Director:
    15:     = @movie.director
    16:     = link_to 'Find Movies With Same Director', list_directors_path
    17:     
    18: %h3 Description:
    19: 
  app/views/movies/show.html.haml:16:in `_app_views_movies_show_html_haml___2287089422512017170_70132905750640'


  Rendered /home/ec2-user/.rvm/gems/ruby-2.4.0/gems/actionpack-4.2.10/lib/action_dispatch/middleware/templates/rescues/_source.erb (4.2ms)
  Rendered /home/ec2-user/.rvm/gems/ruby-2.4.0/gems/actionpack-4.2.10/lib/action_dispatch/middleware/templates/rescues/_trace.html.erb (1.8ms)
  Rendered /home/ec2-user/.rvm/gems/ruby-2.4.0/gems/actionpack-4.2.10/lib/action_dispatch/middleware/templates/rescues/_request_and_response.html.erb (1.0ms)
  Rendered /home/ec2-user/.rvm/gems/ruby-2.4.0/gems/actionpack-4.2.10/lib/action_dispatch/middleware/templates/rescues/template_error.html.erb within rescues/layout (18.0ms)


Started GET "/" for 165.91.13.141 at 2019-02-25 03:35:29 +0000


Started GET "/movies" for 165.91.13.141 at 2019-02-25 03:35:30 +0000
Processing by MoviesController#index as HTML
  [1m[36mMovie Load (0.1ms)[0m  [1mSELECT "movies".* FROM "movies" WHERE "movies"."rating" IN ('G', 'PG', 'PG-13', 'NC-17', 'R')[0m
  Rendered movies/index.html.haml within layouts/application (13.3ms)
Completed 200 OK in 139ms (Views: 116.4ms | ActiveRecord: 1.1ms)


Started GET "/movies/1" for 165.91.13.141 at 2019-02-25 03:35:31 +0000
Processing by MoviesController#show as HTML
  Parameters: {"id"=>"1"}
  [1m[35mMovie Load (0.2ms)[0m  SELECT  "movies".* FROM "movies" WHERE "movies"."id" = ? LIMIT 1  [["id", 1]]
  Rendered movies/show.html.haml within layouts/application (2.4ms)
Completed 200 OK in 11ms (Views: 8.9ms | ActiveRecord: 0.2ms)


Started GET "/movies/1" for 165.91.13.141 at 2019-02-25 03:36:08 +0000
Processing by MoviesController#show as HTML
  Parameters: {"id"=>"1"}
  [1m[36mMovie Load (0.1ms)[0m  [1mSELECT  "movies".* FROM "movies" WHERE "movies"."id" = ? LIMIT 1[0m  [["id", 1]]
  Rendered movies/show.html.haml within layouts/application (1.2ms)
Completed 200 OK in 10ms (Views: 8.9ms | ActiveRecord: 0.1ms)


Started GET "/movies" for 165.91.13.141 at 2019-02-25 03:37:28 +0000
Processing by MoviesController#index as HTML
  [1m[35mMovie Load (0.2ms)[0m  SELECT "movies".* FROM "movies" WHERE "movies"."rating" IN ('G', 'PG', 'PG-13', 'NC-17', 'R')
  Rendered movies/index.html.haml within layouts/application (3.4ms)
Completed 200 OK in 10ms (Views: 9.6ms | ActiveRecord: 0.2ms)


Started GET "/movies/1" for 165.91.13.141 at 2019-02-25 03:37:29 +0000
Processing by MoviesController#show as HTML
  Parameters: {"id"=>"1"}
  [1m[36mMovie Load (0.1ms)[0m  [1mSELECT  "movies".* FROM "movies" WHERE "movies"."id" = ? LIMIT 1[0m  [["id", 1]]
  Rendered movies/show.html.haml within layouts/application (0.9ms)
Completed 200 OK in 8ms (Views: 6.9ms | ActiveRecord: 0.1ms)


Started GET "/movies/1" for 165.91.13.141 at 2019-02-25 03:37:36 +0000
Processing by MoviesController#show as HTML
  Parameters: {"id"=>"1"}
  [1m[35mMovie Load (0.1ms)[0m  SELECT  "movies".* FROM "movies" WHERE "movies"."id" = ? LIMIT 1  [["id", 1]]
  Rendered movies/show.html.haml within layouts/application (1.1ms)
Completed 200 OK in 9ms (Views: 8.3ms | ActiveRecord: 0.1ms)


Started GET "/" for 165.91.13.141 at 2019-02-25 03:52:38 +0000


Started GET "/movies" for 165.91.13.141 at 2019-02-25 03:52:38 +0000
Processing by MoviesController#index as HTML
  [1m[36mMovie Load (0.1ms)[0m  [1mSELECT "movies".* FROM "movies" WHERE "movies"."rating" IN ('G', 'PG', 'PG-13', 'NC-17', 'R')[0m
  Rendered movies/index.html.haml within layouts/application (16.0ms)
Completed 200 OK in 179ms (Views: 154.3ms | ActiveRecord: 1.2ms)


Started GET "/movies/2" for 165.91.13.141 at 2019-02-25 03:52:41 +0000
Processing by MoviesController#show as HTML
  Parameters: {"id"=>"2"}
  [1m[35mMovie Load (0.2ms)[0m  SELECT  "movies".* FROM "movies" WHERE "movies"."id" = ? LIMIT 1  [["id", 2]]
  Rendered movies/show.html.haml within layouts/application (2.7ms)
Completed 200 OK in 12ms (Views: 10.0ms | ActiveRecord: 0.2ms)


Started GET "/" for 165.91.13.141 at 2019-02-25 03:53:43 +0000


Started GET "/movies" for 165.91.13.141 at 2019-02-25 03:53:43 +0000
Processing by MoviesController#index as HTML
  [1m[36mMovie Load (0.1ms)[0m  [1mSELECT "movies".* FROM "movies" WHERE "movies"."rating" IN ('G', 'PG', 'PG-13', 'NC-17', 'R')[0m
  Rendered movies/index.html.haml within layouts/application (14.1ms)
Completed 200 OK in 174ms (Views: 149.7ms | ActiveRecord: 1.3ms)


Started GET "/" for 165.91.13.141 at 2019-02-25 03:53:54 +0000


Started GET "/movies" for 165.91.13.141 at 2019-02-25 03:53:54 +0000
Processing by MoviesController#index as HTML
  [1m[36mMovie Load (0.2ms)[0m  [1mSELECT "movies".* FROM "movies" WHERE "movies"."rating" IN ('G', 'PG', 'PG-13', 'NC-17', 'R')[0m
  Rendered movies/index.html.haml within layouts/application (14.7ms)
Completed 200 OK in 188ms (Views: 159.5ms | ActiveRecord: 1.2ms)


Started GET "/" for 47.218.255.106 at 2019-02-25 07:14:25 +0000


Started GET "/movies" for 47.218.255.106 at 2019-02-25 07:14:25 +0000
Processing by MoviesController#index as HTML
  [1m[36mMovie Load (0.2ms)[0m  [1mSELECT "movies".* FROM "movies" WHERE "movies"."rating" IN ('G', 'PG', 'PG-13', 'NC-17', 'R')[0m
  Rendered movies/index.html.haml within layouts/application (18.1ms)
Completed 200 OK in 209ms (Views: 182.9ms | ActiveRecord: 1.3ms)


Started GET "/movies?utf8=%E2%9C%93&ratings%5BG%5D=1&ratings%5BPG%5D=1&ratings%5BPG-13%5D=1&ratings%5BNC-17%5D=1&ratings%5BR%5D=1&commit=Refresh" for 47.218.255.106 at 2019-02-25 07:14:29 +0000
Processing by MoviesController#index as HTML
  Parameters: {"utf8"=>"✓", "ratings"=>{"G"=>"1", "PG"=>"1", "PG-13"=>"1", "NC-17"=>"1", "R"=>"1"}, "commit"=>"Refresh"}
Redirected to https://b452b2c78a844b8bb34e99c481d3ba7a.vfs.cloud9.us-east-2.amazonaws.com/movies?ratings%5BG%5D=1&ratings%5BNC-17%5D=1&ratings%5BPG%5D=1&ratings%5BPG-13%5D=1&ratings%5BR%5D=1
Completed 302 Found in 1ms (ActiveRecord: 0.0ms)


Started GET "/movies?ratings%5BG%5D=1&ratings%5BNC-17%5D=1&ratings%5BPG%5D=1&ratings%5BPG-13%5D=1&ratings%5BR%5D=1" for 47.218.255.106 at 2019-02-25 07:14:29 +0000
Processing by MoviesController#index as HTML
  Parameters: {"ratings"=>{"G"=>"1", "NC-17"=>"1", "PG"=>"1", "PG-13"=>"1", "R"=>"1"}}
  [1m[35mMovie Load (0.3ms)[0m  SELECT "movies".* FROM "movies" WHERE "movies"."rating" IN ('G', 'NC-17', 'PG', 'PG-13', 'R')
  Rendered movies/index.html.haml within layouts/application (3.3ms)
Completed 200 OK in 10ms (Views: 9.2ms | ActiveRecord: 0.3ms)


Started GET "/movies?utf8=%E2%9C%93&ratings%5BG%5D=1&ratings%5BPG%5D=1&ratings%5BPG-13%5D=1&ratings%5BNC-17%5D=1&commit=Refresh" for 47.218.255.106 at 2019-02-25 07:14:31 +0000
Processing by MoviesController#index as HTML
  Parameters: {"utf8"=>"✓", "ratings"=>{"G"=>"1", "PG"=>"1", "PG-13"=>"1", "NC-17"=>"1"}, "commit"=>"Refresh"}
Redirected to https://b452b2c78a844b8bb34e99c481d3ba7a.vfs.cloud9.us-east-2.amazonaws.com/movies?ratings%5BG%5D=1&ratings%5BNC-17%5D=1&ratings%5BPG%5D=1&ratings%5BPG-13%5D=1
Completed 302 Found in 1ms (ActiveRecord: 0.0ms)


Started GET "/movies?ratings%5BG%5D=1&ratings%5BNC-17%5D=1&ratings%5BPG%5D=1&ratings%5BPG-13%5D=1" for 47.218.255.106 at 2019-02-25 07:14:31 +0000
Processing by MoviesController#index as HTML
  Parameters: {"ratings"=>{"G"=>"1", "NC-17"=>"1", "PG"=>"1", "PG-13"=>"1"}}
  [1m[36mMovie Load (0.2ms)[0m  [1mSELECT "movies".* FROM "movies" WHERE "movies"."rating" IN ('G', 'NC-17', 'PG', 'PG-13')[0m
  Rendered movies/index.html.haml within layouts/application (2.9ms)
Completed 200 OK in 10ms (Views: 9.1ms | ActiveRecord: 0.2ms)


Started GET "/movies/1" for 47.218.255.106 at 2019-02-25 07:14:34 +0000
Processing by MoviesController#show as HTML
  Parameters: {"id"=>"1"}
  [1m[35mMovie Load (0.2ms)[0m  SELECT  "movies".* FROM "movies" WHERE "movies"."id" = ? LIMIT 1  [["id", 1]]
  Rendered movies/show.html.haml within layouts/application (2.3ms)
Completed 200 OK in 11ms (Views: 8.6ms | ActiveRecord: 0.2ms)


Started GET "/movies/1/list_directors" for 47.218.255.106 at 2019-02-25 07:14:39 +0000
Processing by MoviesController#list_directors as HTML
  Parameters: {"id"=>"1"}
  [1m[36mMovie Load (0.1ms)[0m  [1mSELECT  "movies".* FROM "movies" WHERE "movies"."id" = ? LIMIT 1[0m  [["id", 1]]
Redirected to https://b452b2c78a844b8bb34e99c481d3ba7a.vfs.cloud9.us-east-2.amazonaws.com/movies
Completed 302 Found in 2ms (ActiveRecord: 0.1ms)


Started GET "/movies" for 47.218.255.106 at 2019-02-25 07:14:39 +0000
Processing by MoviesController#index as HTML
Redirected to https://b452b2c78a844b8bb34e99c481d3ba7a.vfs.cloud9.us-east-2.amazonaws.com/movies?ratings%5BG%5D=1&ratings%5BNC-17%5D=1&ratings%5BPG%5D=1&ratings%5BPG-13%5D=1
Completed 302 Found in 1ms (ActiveRecord: 0.0ms)


Started GET "/movies?ratings%5BG%5D=1&ratings%5BNC-17%5D=1&ratings%5BPG%5D=1&ratings%5BPG-13%5D=1" for 47.218.255.106 at 2019-02-25 07:14:39 +0000
Processing by MoviesController#index as HTML
  Parameters: {"ratings"=>{"G"=>"1", "NC-17"=>"1", "PG"=>"1", "PG-13"=>"1"}}
  [1m[35mMovie Load (0.2ms)[0m  SELECT "movies".* FROM "movies" WHERE "movies"."rating" IN ('G', 'NC-17', 'PG', 'PG-13')
  Rendered movies/index.html.haml within layouts/application (3.0ms)
Completed 200 OK in 10ms (Views: 9.3ms | ActiveRecord: 0.2ms)


Started GET "/movies/4" for 47.218.255.106 at 2019-02-25 07:14:43 +0000
Processing by MoviesController#show as HTML
  Parameters: {"id"=>"4"}
  [1m[36mMovie Load (0.1ms)[0m  [1mSELECT  "movies".* FROM "movies" WHERE "movies"."id" = ? LIMIT 1[0m  [["id", 4]]
  Rendered movies/show.html.haml within layouts/application (1.1ms)
Completed 200 OK in 9ms (Views: 7.8ms | ActiveRecord: 0.1ms)


Started GET "/movies/4/list_directors" for 47.218.255.106 at 2019-02-25 07:14:45 +0000
Processing by MoviesController#list_directors as HTML
  Parameters: {"id"=>"4"}
  [1m[35mMovie Load (0.1ms)[0m  SELECT  "movies".* FROM "movies" WHERE "movies"."id" = ? LIMIT 1  [["id", 4]]
Redirected to https://b452b2c78a844b8bb34e99c481d3ba7a.vfs.cloud9.us-east-2.amazonaws.com/movies
Completed 302 Found in 2ms (ActiveRecord: 0.1ms)


Started GET "/movies" for 47.218.255.106 at 2019-02-25 07:14:45 +0000
Processing by MoviesController#index as HTML
Redirected to https://b452b2c78a844b8bb34e99c481d3ba7a.vfs.cloud9.us-east-2.amazonaws.com/movies?ratings%5BG%5D=1&ratings%5BNC-17%5D=1&ratings%5BPG%5D=1&ratings%5BPG-13%5D=1
Completed 302 Found in 1ms (ActiveRecord: 0.0ms)


Started GET "/movies?ratings%5BG%5D=1&ratings%5BNC-17%5D=1&ratings%5BPG%5D=1&ratings%5BPG-13%5D=1" for 47.218.255.106 at 2019-02-25 07:14:45 +0000
Processing by MoviesController#index as HTML
  Parameters: {"ratings"=>{"G"=>"1", "NC-17"=>"1", "PG"=>"1", "PG-13"=>"1"}}
  [1m[36mMovie Load (0.2ms)[0m  [1mSELECT "movies".* FROM "movies" WHERE "movies"."rating" IN ('G', 'NC-17', 'PG', 'PG-13')[0m
  Rendered movies/index.html.haml within layouts/application (3.1ms)
Completed 200 OK in 10ms (Views: 9.3ms | ActiveRecord: 0.2ms)
